Starting Dynare (version 4.5.7).
Starting preprocessing of the model file ...
Found 14 equation(s).
Evaluating expressions...done
Computing static model derivatives:
 - order 1
Computing dynamic model derivatives:
 - order 1
Processing outputs ...
done
Preprocessing completed.

STEADY-STATE RESULTS:

yt  		 0
yn  		 -0.0820974
y   		 -0.0820974
w   		 -0.378099
wn  		 -0.378099
wt  		 0
n   		 -0.109463
a   		 0
Pip 		 0
Piw 		 0
i   		 1
rn  		 1
z   		 0
v   		 0

EIGENVALUES:
         Modulus             Real        Imaginary

       1.931e-07        1.931e-07                0
             0.5              0.5                0
             0.5              0.5                0
             0.9              0.9                0
           1.182            1.154           0.2533
           1.182            1.154          -0.2533
       4.298e+06        4.298e+06                0


There are 3 eigenvalue(s) larger than 1 in modulus 
for 3 forward-looking variable(s)

The rank condition is verified.


MODEL SUMMARY

  Number of variables:         14
  Number of stochastic shocks: 3
  Number of state variables:   4
  Number of jumpers:           3
  Number of static variables:  7


MATRIX OF COVARIANCE OF EXOGENOUS SHOCKS
Variables         e_a       e_z       e_v
e_a          0.000000  0.000000  0.000000
e_z          0.000000  0.000000  0.000000
e_v          0.000000  0.000000  0.062500

POLICY AND TRANSITION FUNCTIONS
                                  yt             Pip             Piw               w
Constant                           0               0               0       -0.378099
w(-1)                              0               0       -1.000000               0
a(-1)                      -0.173084       -0.272594       -0.699569       -0.426975
z(-1)                       0.259085        0.088072        2.074390        1.986318
v(-1)                      -0.518170       -0.176144       -4.148780       -3.972637
e_a                        -0.192315       -0.302882       -0.777298       -0.474417
e_z                         0.518170        0.176144        4.148780        3.972637
e_v                        -1.036340       -0.352287       -8.297561       -7.945273


THEORETICAL MOMENTS
VARIABLE         MEAN  STD. DEV.   VARIANCE
yt             0.0000     0.2992     0.0895
Pip            0.0000     0.1017     0.0103
Piw            0.0000     2.3461     5.5042
w             -0.3781     2.2936     5.2606



VARIANCE DECOMPOSITION (in percent)
          e_a     e_z     e_v
yt       0.00    0.00  100.00
Pip      0.00    0.00  100.00
Piw      0.00    0.00  100.00
w        0.00    0.00  100.00



MATRIX OF CORRELATIONS
Variables        yt     Pip     Piw       w
yt           1.0000  1.0000  0.5322  1.0000
Pip          1.0000  1.0000  0.5322  1.0000
Piw          0.5322  0.5322  1.0000  0.5322
w            1.0000  1.0000  0.5322  1.0000



COEFFICIENTS OF AUTOCORRELATION
Order         1       2       3       4       5
yt       0.5000  0.2500  0.1250  0.0625  0.0312
Pip      0.5000  0.2500  0.1250  0.0625  0.0313
Piw     -0.2486 -0.1243 -0.0621 -0.0311 -0.0155
w        0.5000  0.2500  0.1250  0.0625  0.0313
Total computing time : 0h00m01s
