Starting Dynare (version 4.5.7).
Starting preprocessing of the model file ...
Found 14 equation(s).
Evaluating expressions...done
Computing static model derivatives:
 - order 1
Computing dynamic model derivatives:
 - order 1
Processing outputs ...
done
Preprocessing completed.

STEADY-STATE RESULTS:

yt  		 0
yn  		 0.0506831
y   		 0.0506831
w   		 -0.422359
wn  		 -0.422359
wt  		 0
n   		 0.0675775
a   		 0
Pip 		 0
Piw 		 0
i   		 1
rn  		 1
z   		 0
v   		 0

EIGENVALUES:
         Modulus             Real        Imaginary

       4.855e-17        4.855e-17                0
        1.93e-05         1.93e-05                0
             0.5              0.5                0
             0.5              0.5                0
             0.9              0.9                0
           1.182            1.154           0.2533
           1.182            1.154          -0.2533
       4.298e+04        4.298e+04                0


There are 3 eigenvalue(s) larger than 1 in modulus 
for 3 forward-looking variable(s)

The rank condition is verified.


MODEL SUMMARY

  Number of variables:         14
  Number of stochastic shocks: 3
  Number of state variables:   5
  Number of jumpers:           3
  Number of static variables:  6


MATRIX OF COVARIANCE OF EXOGENOUS SHOCKS
Variables         e_a       e_z       e_v
e_a          0.000000  0.000000  0.000000
e_z          0.000000  0.000000  0.000000
e_v          0.000000  0.000000  0.062500

POLICY AND TRANSITION FUNCTIONS
                                  yt             Pip             Piw               w
Constant                           0               0               0       -0.422359
wn(-1)                             0               0       -0.999980        0.000019
wt(-1)                             0               0       -0.999980        0.000019
a(-1)                      -0.173084       -0.272593       -0.699559       -0.426966
z(-1)                       0.259086        0.088071        2.074328        1.986257
v(-1)                      -0.518173       -0.176142       -4.148656       -3.972514
e_a                        -0.192316       -0.302882       -0.777288       -0.474406
e_z                         0.518173        0.176142        4.148656        3.972514
e_v                        -1.036345       -0.352283       -8.297312       -7.945029


THEORETICAL MOMENTS
VARIABLE         MEAN  STD. DEV.   VARIANCE
yt             0.0000     0.2992     0.0895
Pip            0.0000     0.1017     0.0103
Piw            0.0000     2.3460     5.5038
w             -0.4224     2.2936     5.2604



VARIANCE DECOMPOSITION (in percent)
          e_a     e_z     e_v
yt       0.00    0.00  100.00
Pip      0.00    0.00  100.00
Piw      0.00    0.00  100.00
w        0.00    0.00  100.00



MATRIX OF CORRELATIONS
Variables        yt     Pip     Piw       w
yt           1.0000  1.0000  0.5322  1.0000
Pip          1.0000  1.0000  0.5322  1.0000
Piw          0.5322  0.5322  1.0000  0.5322
w            1.0000  1.0000  0.5322  1.0000



COEFFICIENTS OF AUTOCORRELATION
Order         1       2       3       4       5
yt       0.5000  0.2500  0.1250  0.0625  0.0312
Pip      0.5000  0.2500  0.1250  0.0625  0.0313
Piw     -0.2486 -0.1243 -0.0622 -0.0311 -0.0155
w        0.5000  0.2500  0.1250  0.0625  0.0313
Total computing time : 0h00m01s
