Starting Dynare (version 4.5.7).
Starting preprocessing of the model file ...
Found 14 equation(s).
Evaluating expressions...done
Computing static model derivatives:
 - order 1
Computing dynamic model derivatives:
 - order 1
Processing outputs ...
done
Preprocessing completed.

STEADY-STATE RESULTS:

yt  		 0
yn  		 0.0506831
y   		 0.0506831
w   		 -0.422359
wn  		 -0.422359
wt  		 0
n   		 0.0675775
a   		 0
Pip 		 0
Piw 		 0
i   		 1
rn  		 1
z   		 0
v   		 0

EIGENVALUES:
         Modulus             Real        Imaginary

       3.166e-19        3.166e-19                0
             0.5              0.5                0
             0.5              0.5                0
          0.8429           0.8429                0
             0.9              0.9                0
           1.068            1.065          0.08191
           1.068            1.065         -0.08191
           1.205            1.205                0


There are 3 eigenvalue(s) larger than 1 in modulus 
for 3 forward-looking variable(s)

The rank condition is verified.


MODEL SUMMARY

  Number of variables:         14
  Number of stochastic shocks: 3
  Number of state variables:   5
  Number of jumpers:           3
  Number of static variables:  6


MATRIX OF COVARIANCE OF EXOGENOUS SHOCKS
Variables         e_a       e_z       e_v
e_a          0.000000  0.000000  0.000000
e_z          0.000000  0.000000  0.000000
e_v          0.000000  0.000000  0.062500

POLICY AND TRANSITION FUNCTIONS
                                  yt             Pip             Piw               w
Constant                           0               0               0       -0.422359
wn(-1)                     -0.231334        0.099305       -0.057750        0.842945
wt(-1)                     -0.231334        0.099305       -0.057750        0.842945
a(-1)                      -0.491517       -0.162567       -0.119915        0.042652
z(-1)                       0.384384        0.008217        0.019906        0.011689
v(-1)                      -0.768768       -0.016434       -0.039812       -0.023379
e_a                        -0.546130       -0.180630       -0.133239        0.047391
e_z                         0.768768        0.016434        0.039812        0.023379
e_v                        -1.537535       -0.032867       -0.079625       -0.046758


THEORETICAL MOMENTS
VARIABLE         MEAN  STD. DEV.   VARIANCE
yt             0.0000     0.4412     0.1947
Pip            0.0000     0.0113     0.0001
Piw            0.0000     0.0224     0.0005
w             -0.4224     0.0393     0.0015



VARIANCE DECOMPOSITION (in percent)
          e_a     e_z     e_v
yt       0.00    0.00  100.00
Pip      0.00    0.00  100.00
Piw      0.00    0.00  100.00
w        0.00    0.00  100.00



MATRIX OF CORRELATIONS
Variables        yt     Pip     Piw       w
yt           1.0000  0.9371  0.9970  0.5773
Pip          0.9371  1.0000  0.9074  0.8261
Piw          0.9970  0.9074  1.0000  0.5126
w            0.5773  0.8261  0.5126  1.0000



COEFFICIENTS OF AUTOCORRELATION
Order         1       2       3       4       5
yt       0.4910  0.2379  0.1125  0.0508  0.0209
Pip      0.6829  0.4956  0.3777  0.2984  0.2415
Piw      0.4583  0.1941  0.0674  0.0088 -0.0167
w        0.9448  0.8473  0.7397  0.6362  0.5427
Total computing time : 0h00m01s
